# JRE version: OpenJDK Runtime Environment (8.0_152-b01) (build 1.8.0_152-release-1248-b01)
# Java VM: OpenJDK 64-Bit Server VM (25.152-b01 mixed mode linux-amd64 compressed oops)
Heap:
 PSYoungGen      total 239616K, used 19296K [0x00000000e0000000, 0x00000000f1980000, 0x0000000100000000)
  eden space 217600K, 0% used [0x00000000e0000000,0x00000000e0000000,0x00000000ed480000)
  from space 22016K, 87% used [0x00000000f0400000,0x00000000f16d8390,0x00000000f1980000)
  to   space 18944K, 0% used [0x00000000ed480000,0x00000000ed480000,0x00000000ee700000)
 ParOldGen       total 86528K, used 47453K [0x00000000a0000000, 0x00000000a5480000, 0x00000000e0000000)
  object space 86528K, 54% used [0x00000000a0000000,0x00000000a2e574a8,0x00000000a5480000)
 Metaspace       used 73614K, capacity 76142K, committed 76376K, reserved 1116160K
  class space    used 9708K, capacity 10329K, committed 10368K, reserved 1048576K
GC Heap History (10 events):
Event: 9.668 GC heap after
Heap after GC invocations=14 (full 2):
 PSYoungGen      total 183296K, used 14565K [0x00000000e0000000, 0x00000000ec800000, 0x0000000100000000)
  eden space 167936K, 0% used [0x00000000e0000000,0x00000000e0000000,0x00000000ea400000)
  from space 15360K, 94% used [0x00000000eb500000,0x00000000ec339458,0x00000000ec400000)
  to   space 17408K, 0% used [0x00000000ea400000,0x00000000ea400000,0x00000000eb500000)
 ParOldGen       total 54272K, used 33703K [0x00000000a0000000, 0x00000000a3500000, 0x00000000e0000000)
  object space 54272K, 62% used [0x00000000a0000000,0x00000000a20e9e30,0x00000000a3500000)
 Metaspace       used 57421K, capacity 58732K, committed 58880K, reserved 1099776K
  class space    used 7721K, capacity 8091K, committed 8192K, reserved 1048576K
}
Event: 10.029 GC heap before
{Heap before GC invocations=15 (full 2):
 PSYoungGen      total 183296K, used 21812K [0x00000000e0000000, 0x00000000ec800000, 0x0000000100000000)
  eden space 167936K, 4% used [0x00000000e0000000,0x00000000e0713cd8,0x00000000ea400000)
  from space 15360K, 94% used [0x00000000eb500000,0x00000000ec339458,0x00000000ec400000)
  to   space 17408K, 0% used [0x00000000ea400000,0x00000000ea400000,0x00000000eb500000)
 ParOldGen       total 54272K, used 33703K [0x00000000a0000000, 0x00000000a3500000, 0x00000000e0000000)
  object space 54272K, 62% used [0x00000000a0000000,0x00000000a20e9e30,0x00000000a3500000)
 Metaspace       used 57676K, capacity 59078K, committed 59096K, reserved 1099776K
  class space    used 7762K, capacity 8174K, committed 8192K, reserved 1048576K
Event: 10.043 GC heap after
Heap after GC invocations=15 (full 2):
 PSYoungGen      total 185344K, used 680K [0x00000000e0000000, 0x00000000efe00000, 0x0000000100000000)
  eden space 167936K, 0% used [0x00000000e0000000,0x00000000e0000000,0x00000000ea400000)
  from space 17408K, 3% used [0x00000000ea400000,0x00000000ea4aa010,0x00000000eb500000)
  to   space 17920K, 0% used [0x00000000eec80000,0x00000000eec80000,0x00000000efe00000)
 ParOldGen       total 54272K, used 39901K [0x00000000a0000000, 0x00000000a3500000, 0x00000000e0000000)
  object space 54272K, 73% used [0x00000000a0000000,0x00000000a26f7518,0x00000000a3500000)
 Metaspace       used 57676K, capacity 59078K, committed 59096K, reserved 1099776K
  class space    used 7762K, capacity 8174K, committed 8192K, reserved 1048576K
}
Event: 10.043 GC heap before
{Heap before GC invocations=16 (full 3):
 PSYoungGen      total 185344K, used 680K [0x00000000e0000000, 0x00000000efe00000, 0x0000000100000000)
  eden space 167936K, 0% used [0x00000000e0000000,0x00000000e0000000,0x00000000ea400000)
  from space 17408K, 3% used [0x00000000ea400000,0x00000000ea4aa010,0x00000000eb500000)
  to   space 17920K, 0% used [0x00000000eec80000,0x00000000eec80000,0x00000000efe00000)
 ParOldGen       total 54272K, used 39901K [0x00000000a0000000, 0x00000000a3500000, 0x00000000e0000000)
  object space 54272K, 73% used [0x00000000a0000000,0x00000000a26f7518,0x00000000a3500000)
 Metaspace       used 57676K, capacity 59078K, committed 59096K, reserved 1099776K
  class space    used 7762K, capacity 8174K, committed 8192K, reserved 1048576K
Event: 10.348 GC heap after
Heap after GC invocations=16 (full 3):
 PSYoungGen      total 185344K, used 0K [0x00000000e0000000, 0x00000000efe00000, 0x0000000100000000)
  eden space 167936K, 0% used [0x00000000e0000000,0x00000000e0000000,0x00000000ea400000)
  from space 17408K, 0% used [0x00000000ea400000,0x00000000ea400000,0x00000000eb500000)
  to   space 17920K, 0% used [0x00000000eec80000,0x00000000eec80000,0x00000000efe00000)
 ParOldGen       total 86528K, used 32171K [0x00000000a0000000, 0x00000000a5480000, 0x00000000e0000000)
  object space 86528K, 37% used [0x00000000a0000000,0x00000000a1f6ad08,0x00000000a5480000)
 Metaspace       used 57676K, capacity 59078K, committed 59096K, reserved 1099776K
  class space    used 7762K, capacity 8174K, committed 8192K, reserved 1048576K
}
Event: 13.832 GC heap before
{Heap before GC invocations=17 (full 3):
 PSYoungGen      total 185344K, used 167936K [0x00000000e0000000, 0x00000000efe00000, 0x0000000100000000)
  eden space 167936K, 100% used [0x00000000e0000000,0x00000000ea400000,0x00000000ea400000)
  from space 17408K, 0% used [0x00000000ea400000,0x00000000ea400000,0x00000000eb500000)
  to   space 17920K, 0% used [0x00000000eec80000,0x00000000eec80000,0x00000000efe00000)
 ParOldGen       total 86528K, used 32171K [0x00000000a0000000, 0x00000000a5480000, 0x00000000e0000000)
  object space 86528K, 37% used [0x00000000a0000000,0x00000000a1f6ad08,0x00000000a5480000)
 Metaspace       used 66042K, capacity 67892K, committed 68056K, reserved 1107968K
  class space    used 8922K, capacity 9376K, committed 9472K, reserved 1048576K
Event: 13.855 GC heap after
Heap after GC invocations=17 (full 3):
 PSYoungGen      total 218624K, used 13179K [0x00000000e0000000, 0x00000000ef980000, 0x0000000100000000)
  eden space 205312K, 0% used [0x00000000e0000000,0x00000000e0000000,0x00000000ec880000)
  from space 13312K, 99% used [0x00000000eec80000,0x00000000ef95efe0,0x00000000ef980000)
  to   space 18944K, 0% used [0x00000000ed480000,0x00000000ed480000,0x00000000ee700000)
 ParOldGen       total 86528K, used 32179K [0x00000000a0000000, 0x00000000a5480000, 0x00000000e0000000)
  object space 86528K, 37% used [0x00000000a0000000,0x00000000a1f6cd08,0x00000000a5480000)
 Metaspace       used 66042K, capacity 67892K, committed 68056K, reserved 1107968K
  class space    used 8922K, capacity 9376K, committed 9472K, reserved 1048576K
}
Event: 24.171 GC heap before
{Heap before GC invocations=18 (full 3):
 PSYoungGen      total 218624K, used 218491K [0x00000000e0000000, 0x00000000ef980000, 0x0000000100000000)
  eden space 205312K, 100% used [0x00000000e0000000,0x00000000ec880000,0x00000000ec880000)
  from space 13312K, 99% used [0x00000000eec80000,0x00000000ef95efe0,0x00000000ef980000)
  to   space 18944K, 0% used [0x00000000ed480000,0x00000000ed480000,0x00000000ee700000)
 ParOldGen       total 86528K, used 32179K [0x00000000a0000000, 0x00000000a5480000, 0x00000000e0000000)
  object space 86528K, 37% used [0x00000000a0000000,0x00000000a1f6cd08,0x00000000a5480000)
 Metaspace       used 72180K, capacity 74524K, committed 74584K, reserved 1114112K
  class space    used 9516K, capacity 10096K, committed 10112K, reserved 1048576K
Event: 24.203 GC heap after
Heap after GC invocations=18 (full 3):
 PSYoungGen      total 236544K, used 18925K [0x00000000e0000000, 0x00000000f1980000, 0x0000000100000000)
  eden space 217600K, 0% used [0x00000000e0000000,0x00000000e0000000,0x00000000ed480000)
  from space 18944K, 99% used [0x00000000ed480000,0x00000000ee6fb6f8,0x00000000ee700000)
  to   space 22016K, 0% used [0x00000000f0400000,0x00000000f0400000,0x00000000f1980000)
 ParOldGen       total 86528K, used 32802K [0x00000000a0000000, 0x00000000a5480000, 0x00000000e0000000)
  object space 86528K, 37% used [0x00000000a0000000,0x00000000a2008be8,0x00000000a5480000)
 Metaspace       used 72180K, capacity 74524K, committed 74584K, reserved 1114112K
  class space    used 9516K, capacity 10096K, committed 10112K, reserved 1048576K
}
Event: 26.128 GC heap before
{Heap before GC invocations=19 (full 3):
 PSYoungGen      total 236544K, used 236085K [0x00000000e0000000, 0x00000000f1980000, 0x0000000100000000)
  eden space 217600K, 99% used [0x00000000e0000000,0x00000000ed4120e0,0x00000000ed480000)
  from space 18944K, 99% used [0x00000000ed480000,0x00000000ee6fb6f8,0x00000000ee700000)
  to   space 22016K, 0% used [0x00000000f0400000,0x00000000f0400000,0x00000000f1980000)
 ParOldGen       total 86528K, used 32802K [0x00000000a0000000, 0x00000000a5480000, 0x00000000e0000000)
  object space 86528K, 37% used [0x00000000a0000000,0x00000000a2008be8,0x00000000a5480000)
 Metaspace       used 73614K, capacity 76142K, committed 76376K, reserved 1116160K
  class space    used 9708K, capacity 10329K, committed 10368K, reserved 1048576K

