# JRE version: OpenJDK Runtime Environment (8.0_152-b01) (build 1.8.0_152-release-1248-b01)
# Java VM: OpenJDK 64-Bit Server VM (25.152-b01 mixed mode linux-amd64 compressed oops)
Heap:
 PSYoungGen      total 244224K, used 15353K [0x00000000e0000000, 0x00000000efd80000, 0x0000000100000000)
  eden space 228864K, 0% used [0x00000000e0000000,0x00000000e0000000,0x00000000edf80000)
  from space 15360K, 99% used [0x00000000edf80000,0x00000000eee7e430,0x00000000eee80000)
  to   space 12800K, 0% used [0x00000000ef100000,0x00000000ef100000,0x00000000efd80000)
 ParOldGen       total 49664K, used 30892K [0x00000000a0000000, 0x00000000a3080000, 0x00000000e0000000)
  object space 49664K, 62% used [0x00000000a0000000,0x00000000a1e2b2f8,0x00000000a3080000)
 Metaspace       used 55481K, capacity 56726K, committed 56960K, reserved 1097728K
  class space    used 7411K, capacity 7778K, committed 7808K, reserved 1048576K
GC Heap History (10 events):
Event: 2.987 GC heap after
Heap after GC invocations=6 (full 0):
 PSYoungGen      total 137216K, used 2754K [0x00000000e0000000, 0x00000000e9100000, 0x0000000100000000)
  eden space 126976K, 0% used [0x00000000e0000000,0x00000000e0000000,0x00000000e7c00000)
  from space 10240K, 26% used [0x00000000e8700000,0x00000000e89b09b0,0x00000000e9100000)
  to   space 10752K, 0% used [0x00000000e7c00000,0x00000000e7c00000,0x00000000e8680000)
 ParOldGen       total 42496K, used 14869K [0x00000000a0000000, 0x00000000a2980000, 0x00000000e0000000)
  object space 42496K, 34% used [0x00000000a0000000,0x00000000a0e85678,0x00000000a2980000)
 Metaspace       used 20583K, capacity 21062K, committed 21296K, reserved 1067008K
  class space    used 2885K, capacity 3090K, committed 3200K, reserved 1048576K
}
Event: 2.987 GC heap before
{Heap before GC invocations=7 (full 1):
 PSYoungGen      total 137216K, used 2754K [0x00000000e0000000, 0x00000000e9100000, 0x0000000100000000)
  eden space 126976K, 0% used [0x00000000e0000000,0x00000000e0000000,0x00000000e7c00000)
  from space 10240K, 26% used [0x00000000e8700000,0x00000000e89b09b0,0x00000000e9100000)
  to   space 10752K, 0% used [0x00000000e7c00000,0x00000000e7c00000,0x00000000e8680000)
 ParOldGen       total 42496K, used 14869K [0x00000000a0000000, 0x00000000a2980000, 0x00000000e0000000)
  object space 42496K, 34% used [0x00000000a0000000,0x00000000a0e85678,0x00000000a2980000)
 Metaspace       used 20583K, capacity 21062K, committed 21296K, reserved 1067008K
  class space    used 2885K, capacity 3090K, committed 3200K, reserved 1048576K
Event: 3.037 GC heap after
Heap after GC invocations=7 (full 1):
 PSYoungGen      total 137216K, used 0K [0x00000000e0000000, 0x00000000e9100000, 0x0000000100000000)
  eden space 126976K, 0% used [0x00000000e0000000,0x00000000e0000000,0x00000000e7c00000)
  from space 10240K, 0% used [0x00000000e8700000,0x00000000e8700000,0x00000000e9100000)
  to   space 10752K, 0% used [0x00000000e7c00000,0x00000000e7c00000,0x00000000e8680000)
 ParOldGen       total 38912K, used 12128K [0x00000000a0000000, 0x00000000a2600000, 0x00000000e0000000)
  object space 38912K, 31% used [0x00000000a0000000,0x00000000a0bd8370,0x00000000a2600000)
 Metaspace       used 20583K, capacity 21062K, committed 21296K, reserved 1067008K
  class space    used 2885K, capacity 3090K, committed 3200K, reserved 1048576K
}
Event: 4.870 GC heap before
{Heap before GC invocations=8 (full 1):
 PSYoungGen      total 137216K, used 126976K [0x00000000e0000000, 0x00000000e9100000, 0x0000000100000000)
  eden space 126976K, 100% used [0x00000000e0000000,0x00000000e7c00000,0x00000000e7c00000)
  from space 10240K, 0% used [0x00000000e8700000,0x00000000e8700000,0x00000000e9100000)
  to   space 10752K, 0% used [0x00000000e7c00000,0x00000000e7c00000,0x00000000e8680000)
 ParOldGen       total 38912K, used 12128K [0x00000000a0000000, 0x00000000a2600000, 0x00000000e0000000)
  object space 38912K, 31% used [0x00000000a0000000,0x00000000a0bd8370,0x00000000a2600000)
 Metaspace       used 30132K, capacity 30704K, committed 30848K, reserved 1075200K
  class space    used 4226K, capacity 4439K, committed 4480K, reserved 1048576K
Event: 4.888 GC heap after
Heap after GC invocations=8 (full 1):
 PSYoungGen      total 137728K, used 10738K [0x00000000e0000000, 0x00000000efe80000, 0x0000000100000000)
  eden space 126976K, 0% used [0x00000000e0000000,0x00000000e0000000,0x00000000e7c00000)
  from space 10752K, 99% used [0x00000000e7c00000,0x00000000e867c940,0x00000000e8680000)
  to   space 13824K, 0% used [0x00000000ef100000,0x00000000ef100000,0x00000000efe80000)
 ParOldGen       total 38912K, used 13885K [0x00000000a0000000, 0x00000000a2600000, 0x00000000e0000000)
  object space 38912K, 35% used [0x00000000a0000000,0x00000000a0d8f678,0x00000000a2600000)
 Metaspace       used 30132K, capacity 30704K, committed 30848K, reserved 1075200K
  class space    used 4226K, capacity 4439K, committed 4480K, reserved 1048576K
}
Event: 6.138 GC heap before
{Heap before GC invocations=9 (full 1):
 PSYoungGen      total 137728K, used 70891K [0x00000000e0000000, 0x00000000efe80000, 0x0000000100000000)
  eden space 126976K, 47% used [0x00000000e0000000,0x00000000e3abe610,0x00000000e7c00000)
  from space 10752K, 99% used [0x00000000e7c00000,0x00000000e867c940,0x00000000e8680000)
  to   space 13824K, 0% used [0x00000000ef100000,0x00000000ef100000,0x00000000efe80000)
 ParOldGen       total 38912K, used 13885K [0x00000000a0000000, 0x00000000a2600000, 0x00000000e0000000)
  object space 38912K, 35% used [0x00000000a0000000,0x00000000a0d8f678,0x00000000a2600000)
 Metaspace       used 34648K, capacity 35354K, committed 35456K, reserved 1079296K
  class space    used 4757K, capacity 4984K, committed 4992K, reserved 1048576K
Event: 6.168 GC heap after
Heap after GC invocations=9 (full 1):
 PSYoungGen      total 241664K, used 11821K [0x00000000e0000000, 0x00000000efd80000, 0x0000000100000000)
  eden space 228864K, 0% used [0x00000000e0000000,0x00000000e0000000,0x00000000edf80000)
  from space 12800K, 92% used [0x00000000ef100000,0x00000000efc8b768,0x00000000efd80000)
  to   space 15360K, 0% used [0x00000000edf80000,0x00000000edf80000,0x00000000eee80000)
 ParOldGen       total 38912K, used 13893K [0x00000000a0000000, 0x00000000a2600000, 0x00000000e0000000)
  object space 38912K, 35% used [0x00000000a0000000,0x00000000a0d91678,0x00000000a2600000)
 Metaspace       used 34648K, capacity 35354K, committed 35456K, reserved 1079296K
  class space    used 4757K, capacity 4984K, committed 4992K, reserved 1048576K
}
Event: 6.168 GC heap before
{Heap before GC invocations=10 (full 2):
 PSYoungGen      total 241664K, used 11821K [0x00000000e0000000, 0x00000000efd80000, 0x0000000100000000)
  eden space 228864K, 0% used [0x00000000e0000000,0x00000000e0000000,0x00000000edf80000)
  from space 12800K, 92% used [0x00000000ef100000,0x00000000efc8b768,0x00000000efd80000)
  to   space 15360K, 0% used [0x00000000edf80000,0x00000000edf80000,0x00000000eee80000)
 ParOldGen       total 38912K, used 13893K [0x00000000a0000000, 0x00000000a2600000, 0x00000000e0000000)
  object space 38912K, 35% used [0x00000000a0000000,0x00000000a0d91678,0x00000000a2600000)
 Metaspace       used 34648K, capacity 35354K, committed 35456K, reserved 1079296K
  class space    used 4757K, capacity 4984K, committed 4992K, reserved 1048576K
Event: 6.268 GC heap after
Heap after GC invocations=10 (full 2):
 PSYoungGen      total 241664K, used 0K [0x00000000e0000000, 0x00000000efd80000, 0x0000000100000000)
  eden space 228864K, 0% used [0x00000000e0000000,0x00000000e0000000,0x00000000edf80000)
  from space 12800K, 0% used [0x00000000ef100000,0x00000000ef100000,0x00000000efd80000)
  to   space 15360K, 0% used [0x00000000edf80000,0x00000000edf80000,0x00000000eee80000)
 ParOldGen       total 49664K, used 18337K [0x00000000a0000000, 0x00000000a3080000, 0x00000000e0000000)
  object space 49664K, 36% used [0x00000000a0000000,0x00000000a11e8740,0x00000000a3080000)
 Metaspace       used 34604K, capacity 35234K, committed 35456K, reserved 1079296K
  class space    used 4745K, capacity 4944K, committed 4992K, reserved 1048576K
}
Event: 9.667 GC heap before
{Heap before GC invocations=11 (full 2):
 PSYoungGen      total 241664K, used 228864K [0x00000000e0000000, 0x00000000efd80000, 0x0000000100000000)
  eden space 228864K, 100% used [0x00000000e0000000,0x00000000edf80000,0x00000000edf80000)
  from space 12800K, 0% used [0x00000000ef100000,0x00000000ef100000,0x00000000efd80000)
  to   space 15360K, 0% used [0x00000000edf80000,0x00000000edf80000,0x00000000eee80000)
 ParOldGen       total 49664K, used 18337K [0x00000000a0000000, 0x00000000a3080000, 0x00000000e0000000)
  object space 49664K, 36% used [0x00000000a0000000,0x00000000a11e8740,0x00000000a3080000)
 Metaspace       used 55481K, capacity 56726K, committed 56960K, reserved 1097728K
  class space    used 7411K, capacity 7778K, committed 7808K, reserved 1048576K

