# JRE version: OpenJDK Runtime Environment (8.0_152-b01) (build 1.8.0_152-release-1248-b01)
# Java VM: OpenJDK 64-Bit Server VM (25.152-b01 mixed mode linux-amd64 compressed oops)
Heap:
 PSYoungGen      total 260096K, used 0K [0x00000000e0000000, 0x00000000f5500000, 0x0000000100000000)
  eden space 219648K, 0% used [0x00000000e0000000,0x00000000e0000000,0x00000000ed680000)
  from space 40448K, 0% used [0x00000000ed680000,0x00000000ed680000,0x00000000efe00000)
  to   space 51712K, 0% used [0x00000000f2280000,0x00000000f2280000,0x00000000f5500000)
 ParOldGen       total 104448K, used 81420K [0x00000000a0000000, 0x00000000a6600000, 0x00000000e0000000)
  object space 104448K, 77% used [0x00000000a0000000,0x00000000a4f830b8,0x00000000a6600000)
 Metaspace       used 95363K, capacity 98108K, committed 98600K, reserved 1134592K
  class space    used 11978K, capacity 12659K, committed 12848K, reserved 1048576K
GC Heap History (10 events):
Event: 46.031 GC heap after
Heap after GC invocations=18 (full 3):
 PSYoungGen      total 216576K, used 13858K [0x00000000e0000000, 0x00000000f0400000, 0x0000000100000000)
  eden space 192512K, 0% used [0x00000000e0000000,0x00000000e0000000,0x00000000ebc00000)
  from space 24064K, 57% used [0x00000000ebc00000,0x00000000ec988a70,0x00000000ed380000)
  to   space 24064K, 0% used [0x00000000eec80000,0x00000000eec80000,0x00000000f0400000)
 ParOldGen       total 104448K, used 35357K [0x00000000a0000000, 0x00000000a6600000, 0x00000000e0000000)
  object space 104448K, 33% used [0x00000000a0000000,0x00000000a2287410,0x00000000a6600000)
 Metaspace       used 74396K, capacity 77092K, committed 77224K, reserved 1116160K
  class space    used 9639K, capacity 10317K, committed 10416K, reserved 1048576K
}
Event: 135.487 GC heap before
{Heap before GC invocations=19 (full 3):
 PSYoungGen      total 216576K, used 206370K [0x00000000e0000000, 0x00000000f0400000, 0x0000000100000000)
  eden space 192512K, 100% used [0x00000000e0000000,0x00000000ebc00000,0x00000000ebc00000)
  from space 24064K, 57% used [0x00000000ebc00000,0x00000000ec988a70,0x00000000ed380000)
  to   space 24064K, 0% used [0x00000000eec80000,0x00000000eec80000,0x00000000f0400000)
 ParOldGen       total 104448K, used 35357K [0x00000000a0000000, 0x00000000a6600000, 0x00000000e0000000)
  object space 104448K, 33% used [0x00000000a0000000,0x00000000a2287410,0x00000000a6600000)
 Metaspace       used 75138K, capacity 77934K, committed 77992K, reserved 1116160K
  class space    used 9690K, capacity 10370K, committed 10416K, reserved 1048576K
Event: 135.525 GC heap after
Heap after GC invocations=19 (full 3):
 PSYoungGen      total 231936K, used 14022K [0x00000000e0000000, 0x00000000efe80000, 0x0000000100000000)
  eden space 213504K, 0% used [0x00000000e0000000,0x00000000e0000000,0x00000000ed080000)
  from space 18432K, 76% used [0x00000000eec80000,0x00000000efa31940,0x00000000efe80000)
  to   space 23552K, 0% used [0x00000000ed080000,0x00000000ed080000,0x00000000ee780000)
 ParOldGen       total 104448K, used 35365K [0x00000000a0000000, 0x00000000a6600000, 0x00000000e0000000)
  object space 104448K, 33% used [0x00000000a0000000,0x00000000a2289410,0x00000000a6600000)
 Metaspace       used 75138K, capacity 77934K, committed 77992K, reserved 1116160K
  class space    used 9690K, capacity 10370K, committed 10416K, reserved 1048576K
}
Event: 140.354 GC heap before
{Heap before GC invocations=20 (full 3):
 PSYoungGen      total 231936K, used 227526K [0x00000000e0000000, 0x00000000efe80000, 0x0000000100000000)
  eden space 213504K, 100% used [0x00000000e0000000,0x00000000ed080000,0x00000000ed080000)
  from space 18432K, 76% used [0x00000000eec80000,0x00000000efa31940,0x00000000efe80000)
  to   space 23552K, 0% used [0x00000000ed080000,0x00000000ed080000,0x00000000ee780000)
 ParOldGen       total 104448K, used 35365K [0x00000000a0000000, 0x00000000a6600000, 0x00000000e0000000)
  object space 104448K, 33% used [0x00000000a0000000,0x00000000a2289410,0x00000000a6600000)
 Metaspace       used 79882K, capacity 82708K, committed 82856K, reserved 1122304K
  class space    used 10257K, capacity 10927K, committed 10928K, reserved 1048576K
Event: 140.416 GC heap after
Heap after GC invocations=20 (full 3):
 PSYoungGen      total 237056K, used 23531K [0x00000000e0000000, 0x00000000f1b80000, 0x0000000100000000)
  eden space 213504K, 0% used [0x00000000e0000000,0x00000000e0000000,0x00000000ed080000)
  from space 23552K, 99% used [0x00000000ed080000,0x00000000ee77ac50,0x00000000ee780000)
  to   space 30208K, 0% used [0x00000000efe00000,0x00000000efe00000,0x00000000f1b80000)
 ParOldGen       total 104448K, used 44498K [0x00000000a0000000, 0x00000000a6600000, 0x00000000e0000000)
  object space 104448K, 42% used [0x00000000a0000000,0x00000000a2b748c0,0x00000000a6600000)
 Metaspace       used 79882K, capacity 82708K, committed 82856K, reserved 1122304K
  class space    used 10257K, capacity 10927K, committed 10928K, reserved 1048576K
}
Event: 144.598 GC heap before
{Heap before GC invocations=21 (full 3):
 PSYoungGen      total 237056K, used 237035K [0x00000000e0000000, 0x00000000f1b80000, 0x0000000100000000)
  eden space 213504K, 100% used [0x00000000e0000000,0x00000000ed080000,0x00000000ed080000)
  from space 23552K, 99% used [0x00000000ed080000,0x00000000ee77ac50,0x00000000ee780000)
  to   space 30208K, 0% used [0x00000000efe00000,0x00000000efe00000,0x00000000f1b80000)
 ParOldGen       total 104448K, used 44498K [0x00000000a0000000, 0x00000000a6600000, 0x00000000e0000000)
  object space 104448K, 42% used [0x00000000a0000000,0x00000000a2b748c0,0x00000000a6600000)
 Metaspace       used 85094K, capacity 87904K, committed 87976K, reserved 1126400K
  class space    used 10699K, capacity 11421K, committed 11440K, reserved 1048576K
Event: 144.706 GC heap after
Heap after GC invocations=21 (full 3):
 PSYoungGen      total 249856K, used 30202K [0x00000000e0000000, 0x00000000f3200000, 0x0000000100000000)
  eden space 219648K, 0% used [0x00000000e0000000,0x00000000e0000000,0x00000000ed680000)
  from space 30208K, 99% used [0x00000000efe00000,0x00000000f1b7ea00,0x00000000f1b80000)
  to   space 40448K, 0% used [0x00000000ed680000,0x00000000ed680000,0x00000000efe00000)
 ParOldGen       total 104448K, used 59898K [0x00000000a0000000, 0x00000000a6600000, 0x00000000e0000000)
  object space 104448K, 57% used [0x00000000a0000000,0x00000000a3a7e950,0x00000000a6600000)
 Metaspace       used 85094K, capacity 87904K, committed 87976K, reserved 1126400K
  class space    used 10699K, capacity 11421K, committed 11440K, reserved 1048576K
}
Event: 147.342 GC heap before
{Heap before GC invocations=22 (full 3):
 PSYoungGen      total 249856K, used 227806K [0x00000000e0000000, 0x00000000f3200000, 0x0000000100000000)
  eden space 219648K, 89% used [0x00000000e0000000,0x00000000ec0f9140,0x00000000ed680000)
  from space 30208K, 99% used [0x00000000efe00000,0x00000000f1b7ea00,0x00000000f1b80000)
  to   space 40448K, 0% used [0x00000000ed680000,0x00000000ed680000,0x00000000efe00000)
 ParOldGen       total 104448K, used 59898K [0x00000000a0000000, 0x00000000a6600000, 0x00000000e0000000)
  object space 104448K, 57% used [0x00000000a0000000,0x00000000a3a7e950,0x00000000a6600000)
 Metaspace       used 95452K, capacity 98354K, committed 98600K, reserved 1134592K
  class space    used 12002K, capacity 12740K, committed 12848K, reserved 1048576K
Event: 147.446 GC heap after
Heap after GC invocations=22 (full 3):
 PSYoungGen      total 260096K, used 40435K [0x00000000e0000000, 0x00000000f5500000, 0x0000000100000000)
  eden space 219648K, 0% used [0x00000000e0000000,0x00000000e0000000,0x00000000ed680000)
  from space 40448K, 99% used [0x00000000ed680000,0x00000000efdfceb0,0x00000000efe00000)
  to   space 51712K, 0% used [0x00000000f2280000,0x00000000f2280000,0x00000000f5500000)
 ParOldGen       total 104448K, used 74265K [0x00000000a0000000, 0x00000000a6600000, 0x00000000e0000000)
  object space 104448K, 71% used [0x00000000a0000000,0x00000000a4886698,0x00000000a6600000)
 Metaspace       used 95452K, capacity 98354K, committed 98600K, reserved 1134592K
  class space    used 12002K, capacity 12740K, committed 12848K, reserved 1048576K
}
Event: 147.446 GC heap before
{Heap before GC invocations=23 (full 4):
 PSYoungGen      total 260096K, used 40435K [0x00000000e0000000, 0x00000000f5500000, 0x0000000100000000)
  eden space 219648K, 0% used [0x00000000e0000000,0x00000000e0000000,0x00000000ed680000)
  from space 40448K, 99% used [0x00000000ed680000,0x00000000efdfceb0,0x00000000efe00000)
  to   space 51712K, 0% used [0x00000000f2280000,0x00000000f2280000,0x00000000f5500000)
 ParOldGen       total 104448K, used 74265K [0x00000000a0000000, 0x00000000a6600000, 0x00000000e0000000)
  object space 104448K, 71% used [0x00000000a0000000,0x00000000a4886698,0x00000000a6600000)
 Metaspace       used 95452K, capacity 98354K, committed 98600K, reserved 1134592K
  class space    used 12002K, capacity 12740K, committed 12848K, reserved 1048576K

