# JRE version: OpenJDK Runtime Environment (8.0_152-b01) (build 1.8.0_152-release-1248-b01)
# Java VM: OpenJDK 64-Bit Server VM (25.152-b01 mixed mode linux-amd64 compressed oops)
Heap:
 PSYoungGen      total 295936K, used 35204K [0x00000000e0000000, 0x00000000f5500000, 0x0000000100000000)
  eden space 249856K, 0% used [0x00000000e0000000,0x00000000e0000000,0x00000000ef400000)
  from space 46080K, 76% used [0x00000000ef400000,0x00000000f16611a8,0x00000000f2100000)
  to   space 44032K, 0% used [0x00000000f2100000,0x00000000f2100000,0x00000000f4c00000)
 ParOldGen       total 100864K, used 76218K [0x00000000a0000000, 0x00000000a6280000, 0x00000000e0000000)
  object space 100864K, 75% used [0x00000000a0000000,0x00000000a4a6ea18,0x00000000a6280000)
 Metaspace       used 95269K, capacity 98044K, committed 98176K, reserved 1134592K
  class space    used 12001K, capacity 12624K, committed 12672K, reserved 1048576K
GC Heap History (10 events):
Event: 20.943 GC heap after
Heap after GC invocations=19 (full 3):
 PSYoungGen      total 227840K, used 23526K [0x00000000e0000000, 0x00000000f0000000, 0x0000000100000000)
  eden space 199680K, 0% used [0x00000000e0000000,0x00000000e0000000,0x00000000ec300000)
  from space 28160K, 83% used [0x00000000ee200000,0x00000000ef8f98d8,0x00000000efd80000)
  to   space 31232K, 0% used [0x00000000ec300000,0x00000000ec300000,0x00000000ee180000)
 ParOldGen       total 100864K, used 60302K [0x00000000a0000000, 0x00000000a6280000, 0x00000000e0000000)
  object space 100864K, 59% used [0x00000000a0000000,0x00000000a3ae3908,0x00000000a6280000)
 Metaspace       used 83734K, capacity 85552K, committed 86016K, reserved 1124352K
  class space    used 10663K, capacity 11168K, committed 11264K, reserved 1048576K
}
Event: 21.957 GC heap before
{Heap before GC invocations=20 (full 3):
 PSYoungGen      total 227840K, used 223206K [0x00000000e0000000, 0x00000000f0000000, 0x0000000100000000)
  eden space 199680K, 100% used [0x00000000e0000000,0x00000000ec300000,0x00000000ec300000)
  from space 28160K, 83% used [0x00000000ee200000,0x00000000ef8f98d8,0x00000000efd80000)
  to   space 31232K, 0% used [0x00000000ec300000,0x00000000ec300000,0x00000000ee180000)
 ParOldGen       total 100864K, used 60310K [0x00000000a0000000, 0x00000000a6280000, 0x00000000e0000000)
  object space 100864K, 59% used [0x00000000a0000000,0x00000000a3ae5918,0x00000000a6280000)
 Metaspace       used 84758K, capacity 86644K, committed 87040K, reserved 1124352K
  class space    used 10784K, capacity 11260K, committed 11264K, reserved 1048576K
Event: 21.996 GC heap after
Heap after GC invocations=20 (full 3):
 PSYoungGen      total 230912K, used 31231K [0x00000000e0000000, 0x00000000f2780000, 0x0000000100000000)
  eden space 199680K, 0% used [0x00000000e0000000,0x00000000e0000000,0x00000000ec300000)
  from space 31232K, 99% used [0x00000000ec300000,0x00000000ee17fcc8,0x00000000ee180000)
  to   space 37888K, 0% used [0x00000000f0280000,0x00000000f0280000,0x00000000f2780000)
 ParOldGen       total 100864K, used 64203K [0x00000000a0000000, 0x00000000a6280000, 0x00000000e0000000)
  object space 100864K, 63% used [0x00000000a0000000,0x00000000a3eb2e18,0x00000000a6280000)
 Metaspace       used 84758K, capacity 86644K, committed 87040K, reserved 1124352K
  class space    used 10784K, capacity 11260K, committed 11264K, reserved 1048576K
}
Event: 24.205 GC heap before
{Heap before GC invocations=21 (full 3):
 PSYoungGen      total 230912K, used 230911K [0x00000000e0000000, 0x00000000f2780000, 0x0000000100000000)
  eden space 199680K, 100% used [0x00000000e0000000,0x00000000ec300000,0x00000000ec300000)
  from space 31232K, 99% used [0x00000000ec300000,0x00000000ee17fcc8,0x00000000ee180000)
  to   space 37888K, 0% used [0x00000000f0280000,0x00000000f0280000,0x00000000f2780000)
 ParOldGen       total 100864K, used 64205K [0x00000000a0000000, 0x00000000a6280000, 0x00000000e0000000)
  object space 100864K, 63% used [0x00000000a0000000,0x00000000a3eb3698,0x00000000a6280000)
 Metaspace       used 92046K, capacity 94404K, committed 94464K, reserved 1132544K
  class space    used 11699K, capacity 12272K, committed 12288K, reserved 1048576K
Event: 24.255 GC heap after
Heap after GC invocations=21 (full 3):
 PSYoungGen      total 261120K, used 30708K [0x00000000e0000000, 0x00000000f2e80000, 0x0000000100000000)
  eden space 223232K, 0% used [0x00000000e0000000,0x00000000e0000000,0x00000000eda00000)
  from space 37888K, 81% used [0x00000000f0280000,0x00000000f207d2b0,0x00000000f2780000)
  to   space 41472K, 0% used [0x00000000eda00000,0x00000000eda00000,0x00000000f0280000)
 ParOldGen       total 100864K, used 76186K [0x00000000a0000000, 0x00000000a6280000, 0x00000000e0000000)
  object space 100864K, 75% used [0x00000000a0000000,0x00000000a4a66a18,0x00000000a6280000)
 Metaspace       used 92046K, capacity 94404K, committed 94464K, reserved 1132544K
  class space    used 11699K, capacity 12272K, committed 12288K, reserved 1048576K
}
Event: 26.220 GC heap before
{Heap before GC invocations=22 (full 3):
 PSYoungGen      total 261120K, used 253940K [0x00000000e0000000, 0x00000000f2e80000, 0x0000000100000000)
  eden space 223232K, 100% used [0x00000000e0000000,0x00000000eda00000,0x00000000eda00000)
  from space 37888K, 81% used [0x00000000f0280000,0x00000000f207d2b0,0x00000000f2780000)
  to   space 41472K, 0% used [0x00000000eda00000,0x00000000eda00000,0x00000000f0280000)
 ParOldGen       total 100864K, used 76186K [0x00000000a0000000, 0x00000000a6280000, 0x00000000e0000000)
  object space 100864K, 75% used [0x00000000a0000000,0x00000000a4a66a18,0x00000000a6280000)
 Metaspace       used 94221K, capacity 96850K, committed 97024K, reserved 1134592K
  class space    used 11903K, capacity 12479K, committed 12544K, reserved 1048576K
Event: 26.249 GC heap after
Heap after GC invocations=22 (full 3):
 PSYoungGen      total 264704K, used 29990K [0x00000000e0000000, 0x00000000f4c00000, 0x0000000100000000)
  eden space 223232K, 0% used [0x00000000e0000000,0x00000000e0000000,0x00000000eda00000)
  from space 41472K, 72% used [0x00000000eda00000,0x00000000ef749ad8,0x00000000f0280000)
  to   space 44032K, 0% used [0x00000000f2100000,0x00000000f2100000,0x00000000f4c00000)
 ParOldGen       total 100864K, used 76194K [0x00000000a0000000, 0x00000000a6280000, 0x00000000e0000000)
  object space 100864K, 75% used [0x00000000a0000000,0x00000000a4a68a18,0x00000000a6280000)
 Metaspace       used 94221K, capacity 96850K, committed 97024K, reserved 1134592K
  class space    used 11903K, capacity 12479K, committed 12544K, reserved 1048576K
}
Event: 27.398 GC heap before
{Heap before GC invocations=23 (full 3):
 PSYoungGen      total 264704K, used 253222K [0x00000000e0000000, 0x00000000f4c00000, 0x0000000100000000)
  eden space 223232K, 100% used [0x00000000e0000000,0x00000000eda00000,0x00000000eda00000)
  from space 41472K, 72% used [0x00000000eda00000,0x00000000ef749ad8,0x00000000f0280000)
  to   space 44032K, 0% used [0x00000000f2100000,0x00000000f2100000,0x00000000f4c00000)
 ParOldGen       total 100864K, used 76194K [0x00000000a0000000, 0x00000000a6280000, 0x00000000e0000000)
  object space 100864K, 75% used [0x00000000a0000000,0x00000000a4a68a18,0x00000000a6280000)
 Metaspace       used 94829K, capacity 97522K, committed 97664K, reserved 1134592K
  class space    used 11969K, capacity 12555K, committed 12672K, reserved 1048576K
Event: 27.449 GC heap after
Heap after GC invocations=23 (full 3):
 PSYoungGen      total 293888K, used 31201K [0x00000000e0000000, 0x00000000f5500000, 0x0000000100000000)
  eden space 249856K, 0% used [0x00000000e0000000,0x00000000e0000000,0x00000000ef400000)
  from space 44032K, 70% used [0x00000000f2100000,0x00000000f3f785b0,0x00000000f4c00000)
  to   space 46080K, 0% used [0x00000000ef400000,0x00000000ef400000,0x00000000f2100000)
 ParOldGen       total 100864K, used 76202K [0x00000000a0000000, 0x00000000a6280000, 0x00000000e0000000)
  object space 100864K, 75% used [0x00000000a0000000,0x00000000a4a6aa18,0x00000000a6280000)
 Metaspace       used 94829K, capacity 97522K, committed 97664K, reserved 1134592K
  class space    used 11969K, capacity 12555K, committed 12672K, reserved 1048576K
}
Event: 29.034 GC heap before
{Heap before GC invocations=24 (full 3):
 PSYoungGen      total 293888K, used 281057K [0x00000000e0000000, 0x00000000f5500000, 0x0000000100000000)
  eden space 249856K, 100% used [0x00000000e0000000,0x00000000ef400000,0x00000000ef400000)
  from space 44032K, 70% used [0x00000000f2100000,0x00000000f3f785b0,0x00000000f4c00000)
  to   space 46080K, 0% used [0x00000000ef400000,0x00000000ef400000,0x00000000f2100000)
 ParOldGen       total 100864K, used 76202K [0x00000000a0000000, 0x00000000a6280000, 0x00000000e0000000)
  object space 100864K, 75% used [0x00000000a0000000,0x00000000a4a6aa18,0x00000000a6280000)
 Metaspace       used 95269K, capacity 98044K, committed 98176K, reserved 1134592K
  class space    used 12001K, capacity 12624K, committed 12672K, reserved 1048576K

