# JRE version: OpenJDK Runtime Environment (8.0_152-b01) (build 1.8.0_152-release-1248-b01)
# Java VM: OpenJDK 64-Bit Server VM (25.152-b01 mixed mode linux-amd64 compressed oops)
Heap:
 PSYoungGen      total 262144K, used 22497K [0x00000000e0000000, 0x00000000f1600000, 0x0000000100000000)
  eden space 239616K, 0% used [0x00000000e0000000,0x00000000e0000000,0x00000000eea00000)
  from space 22528K, 99% used [0x00000000eea00000,0x00000000efff86c0,0x00000000f0000000)
  to   space 19968K, 0% used [0x00000000f0200000,0x00000000f0200000,0x00000000f1580000)
 ParOldGen       total 84480K, used 43994K [0x00000000a0000000, 0x00000000a5280000, 0x00000000e0000000)
  object space 84480K, 52% used [0x00000000a0000000,0x00000000a2af6818,0x00000000a5280000)
 Metaspace       used 71539K, capacity 74366K, committed 74584K, reserved 1114112K
  class space    used 9400K, capacity 10069K, committed 10112K, reserved 1048576K
GC Heap History (10 events):
Event: 39.045 GC heap after
Heap after GC invocations=15 (full 2):
 PSYoungGen      total 175616K, used 7739K [0x00000000e0000000, 0x00000000ee280000, 0x0000000100000000)
  eden space 159232K, 0% used [0x00000000e0000000,0x00000000e0000000,0x00000000e9b80000)
  from space 16384K, 47% used [0x00000000e9b80000,0x00000000ea30ee20,0x00000000eab80000)
  to   space 15872K, 0% used [0x00000000ed300000,0x00000000ed300000,0x00000000ee280000)
 ParOldGen       total 55296K, used 31829K [0x00000000a0000000, 0x00000000a3600000, 0x00000000e0000000)
  object space 55296K, 57% used [0x00000000a0000000,0x00000000a1f154d0,0x00000000a3600000)
 Metaspace       used 57680K, capacity 58976K, committed 59096K, reserved 1099776K
  class space    used 7537K, capacity 7916K, committed 7936K, reserved 1048576K
}
Event: 39.045 GC heap before
{Heap before GC invocations=16 (full 3):
 PSYoungGen      total 175616K, used 7739K [0x00000000e0000000, 0x00000000ee280000, 0x0000000100000000)
  eden space 159232K, 0% used [0x00000000e0000000,0x00000000e0000000,0x00000000e9b80000)
  from space 16384K, 47% used [0x00000000e9b80000,0x00000000ea30ee20,0x00000000eab80000)
  to   space 15872K, 0% used [0x00000000ed300000,0x00000000ed300000,0x00000000ee280000)
 ParOldGen       total 55296K, used 31829K [0x00000000a0000000, 0x00000000a3600000, 0x00000000e0000000)
  object space 55296K, 57% used [0x00000000a0000000,0x00000000a1f154d0,0x00000000a3600000)
 Metaspace       used 57680K, capacity 58976K, committed 59096K, reserved 1099776K
  class space    used 7537K, capacity 7916K, committed 7936K, reserved 1048576K
Event: 39.342 GC heap after
Heap after GC invocations=16 (full 3):
 PSYoungGen      total 175616K, used 0K [0x00000000e0000000, 0x00000000ee280000, 0x0000000100000000)
  eden space 159232K, 0% used [0x00000000e0000000,0x00000000e0000000,0x00000000e9b80000)
  from space 16384K, 0% used [0x00000000e9b80000,0x00000000e9b80000,0x00000000eab80000)
  to   space 15872K, 0% used [0x00000000ed300000,0x00000000ed300000,0x00000000ee280000)
 ParOldGen       total 84480K, used 30850K [0x00000000a0000000, 0x00000000a5280000, 0x00000000e0000000)
  object space 84480K, 36% used [0x00000000a0000000,0x00000000a1e20ba8,0x00000000a5280000)
 Metaspace       used 57680K, capacity 58976K, committed 59096K, reserved 1099776K
  class space    used 7537K, capacity 7916K, committed 7936K, reserved 1048576K
}
Event: 42.817 GC heap before
{Heap before GC invocations=17 (full 3):
 PSYoungGen      total 175616K, used 159232K [0x00000000e0000000, 0x00000000ee280000, 0x0000000100000000)
  eden space 159232K, 100% used [0x00000000e0000000,0x00000000e9b80000,0x00000000e9b80000)
  from space 16384K, 0% used [0x00000000e9b80000,0x00000000e9b80000,0x00000000eab80000)
  to   space 15872K, 0% used [0x00000000ed300000,0x00000000ed300000,0x00000000ee280000)
 ParOldGen       total 84480K, used 30850K [0x00000000a0000000, 0x00000000a5280000, 0x00000000e0000000)
  object space 84480K, 36% used [0x00000000a0000000,0x00000000a1e20ba8,0x00000000a5280000)
 Metaspace       used 65485K, capacity 67376K, committed 67544K, reserved 1107968K
  class space    used 8720K, capacity 9195K, committed 9216K, reserved 1048576K
Event: 42.840 GC heap after
Heap after GC invocations=17 (full 3):
 PSYoungGen      total 214528K, used 14506K [0x00000000e0000000, 0x00000000ee680000, 0x0000000100000000)
  eden space 198656K, 0% used [0x00000000e0000000,0x00000000e0000000,0x00000000ec200000)
  from space 15872K, 91% used [0x00000000ed300000,0x00000000ee12a910,0x00000000ee280000)
  to   space 17408K, 0% used [0x00000000ec200000,0x00000000ec200000,0x00000000ed300000)
 ParOldGen       total 84480K, used 30858K [0x00000000a0000000, 0x00000000a5280000, 0x00000000e0000000)
  object space 84480K, 36% used [0x00000000a0000000,0x00000000a1e22ba8,0x00000000a5280000)
 Metaspace       used 65485K, capacity 67376K, committed 67544K, reserved 1107968K
  class space    used 8720K, capacity 9195K, committed 9216K, reserved 1048576K
}
Event: 57.059 GC heap before
{Heap before GC invocations=18 (full 3):
 PSYoungGen      total 214528K, used 213162K [0x00000000e0000000, 0x00000000ee680000, 0x0000000100000000)
  eden space 198656K, 100% used [0x00000000e0000000,0x00000000ec200000,0x00000000ec200000)
  from space 15872K, 91% used [0x00000000ed300000,0x00000000ee12a910,0x00000000ee280000)
  to   space 17408K, 0% used [0x00000000ec200000,0x00000000ec200000,0x00000000ed300000)
 ParOldGen       total 84480K, used 30858K [0x00000000a0000000, 0x00000000a5280000, 0x00000000e0000000)
  object space 84480K, 36% used [0x00000000a0000000,0x00000000a1e22ba8,0x00000000a5280000)
 Metaspace       used 68781K, capacity 71086K, committed 71384K, reserved 1112064K
  class space    used 9066K, capacity 9655K, committed 9728K, reserved 1048576K
Event: 57.101 GC heap after
Heap after GC invocations=18 (full 3):
 PSYoungGen      total 216064K, used 17406K [0x00000000e0000000, 0x00000000f1580000, 0x0000000100000000)
  eden space 198656K, 0% used [0x00000000e0000000,0x00000000e0000000,0x00000000ec200000)
  from space 17408K, 99% used [0x00000000ec200000,0x00000000ed2ffbe8,0x00000000ed300000)
  to   space 19968K, 0% used [0x00000000f0200000,0x00000000f0200000,0x00000000f1580000)
 ParOldGen       total 84480K, used 31272K [0x00000000a0000000, 0x00000000a5280000, 0x00000000e0000000)
  object space 84480K, 37% used [0x00000000a0000000,0x00000000a1e8a3d0,0x00000000a5280000)
 Metaspace       used 68781K, capacity 71086K, committed 71384K, reserved 1112064K
  class space    used 9066K, capacity 9655K, committed 9728K, reserved 1048576K
}
Event: 71.400 GC heap before
{Heap before GC invocations=19 (full 3):
 PSYoungGen      total 216064K, used 216062K [0x00000000e0000000, 0x00000000f1580000, 0x0000000100000000)
  eden space 198656K, 100% used [0x00000000e0000000,0x00000000ec200000,0x00000000ec200000)
  from space 17408K, 99% used [0x00000000ec200000,0x00000000ed2ffbe8,0x00000000ed300000)
  to   space 19968K, 0% used [0x00000000f0200000,0x00000000f0200000,0x00000000f1580000)
 ParOldGen       total 84480K, used 31272K [0x00000000a0000000, 0x00000000a5280000, 0x00000000e0000000)
  object space 84480K, 37% used [0x00000000a0000000,0x00000000a1e8a3d0,0x00000000a5280000)
 Metaspace       used 70138K, capacity 72844K, committed 73176K, reserved 1112064K
  class space    used 9212K, capacity 9868K, committed 9984K, reserved 1048576K
Event: 71.453 GC heap after
Heap after GC invocations=19 (full 3):
 PSYoungGen      total 259584K, used 18105K [0x00000000e0000000, 0x00000000f1600000, 0x0000000100000000)
  eden space 239616K, 0% used [0x00000000e0000000,0x00000000e0000000,0x00000000eea00000)
  from space 19968K, 90% used [0x00000000f0200000,0x00000000f13ae688,0x00000000f1580000)
  to   space 22528K, 0% used [0x00000000eea00000,0x00000000eea00000,0x00000000f0000000)
 ParOldGen       total 84480K, used 31280K [0x00000000a0000000, 0x00000000a5280000, 0x00000000e0000000)
  object space 84480K, 37% used [0x00000000a0000000,0x00000000a1e8c3d0,0x00000000a5280000)
 Metaspace       used 70138K, capacity 72844K, committed 73176K, reserved 1112064K
  class space    used 9212K, capacity 9868K, committed 9984K, reserved 1048576K
}
Event: 72.907 GC heap before
{Heap before GC invocations=20 (full 3):
 PSYoungGen      total 259584K, used 256773K [0x00000000e0000000, 0x00000000f1600000, 0x0000000100000000)
  eden space 239616K, 99% used [0x00000000e0000000,0x00000000ee912ff8,0x00000000eea00000)
  from space 19968K, 90% used [0x00000000f0200000,0x00000000f13ae688,0x00000000f1580000)
  to   space 22528K, 0% used [0x00000000eea00000,0x00000000eea00000,0x00000000f0000000)
 ParOldGen       total 84480K, used 31280K [0x00000000a0000000, 0x00000000a5280000, 0x00000000e0000000)
  object space 84480K, 37% used [0x00000000a0000000,0x00000000a1e8c3d0,0x00000000a5280000)
 Metaspace       used 71539K, capacity 74366K, committed 74584K, reserved 1114112K
  class space    used 9400K, capacity 10069K, committed 10112K, reserved 1048576K

