# JRE version: OpenJDK Runtime Environment (8.0_152-b01) (build 1.8.0_152-release-1248-b01)
# Java VM: OpenJDK 64-Bit Server VM (25.152-b01 mixed mode linux-amd64 compressed oops)
Heap:
 PSYoungGen      total 396800K, used 50161K [0x00000000e0000000, 0x00000000fda80000, 0x0000000100000000)
  eden space 346624K, 0% used [0x00000000e0000000,0x00000000e0000000,0x00000000f5280000)
  from space 50176K, 99% used [0x00000000f5280000,0x00000000f837c5c8,0x00000000f8380000)
  to   space 49664K, 0% used [0x00000000f8380000,0x00000000f8380000,0x00000000fb400000)
 ParOldGen       total 148480K, used 105780K [0x00000000a0000000, 0x00000000a9100000, 0x00000000e0000000)
  object space 148480K, 71% used [0x00000000a0000000,0x00000000a674d278,0x00000000a9100000)
 Metaspace       used 87648K, capacity 90800K, committed 91056K, reserved 1128448K
  class space    used 11310K, capacity 11938K, committed 11952K, reserved 1048576K
GC Heap History (10 events):
Event: 26.766 GC heap after
Heap after GC invocations=22 (full 4):
 PSYoungGen      total 295936K, used 14779K [0x00000000e0000000, 0x00000000f4600000, 0x0000000100000000)
  eden space 268288K, 0% used [0x00000000e0000000,0x00000000e0000000,0x00000000f0600000)
  from space 27648K, 53% used [0x00000000f2b00000,0x00000000f396ec68,0x00000000f4600000)
  to   space 32768K, 0% used [0x00000000f0600000,0x00000000f0600000,0x00000000f2600000)
 ParOldGen       total 148480K, used 63235K [0x00000000a0000000, 0x00000000a9100000, 0x00000000e0000000)
  object space 148480K, 42% used [0x00000000a0000000,0x00000000a3dc0c40,0x00000000a9100000)
 Metaspace       used 80129K, capacity 82934K, committed 83248K, reserved 1122304K
  class space    used 10588K, capacity 11191K, committed 11312K, reserved 1048576K
}
Event: 1107.154 GC heap before
{Heap before GC invocations=23 (full 4):
 PSYoungGen      total 295936K, used 283067K [0x00000000e0000000, 0x00000000f4600000, 0x0000000100000000)
  eden space 268288K, 100% used [0x00000000e0000000,0x00000000f0600000,0x00000000f0600000)
  from space 27648K, 53% used [0x00000000f2b00000,0x00000000f396ec68,0x00000000f4600000)
  to   space 32768K, 0% used [0x00000000f0600000,0x00000000f0600000,0x00000000f2600000)
 ParOldGen       total 148480K, used 63235K [0x00000000a0000000, 0x00000000a9100000, 0x00000000e0000000)
  object space 148480K, 42% used [0x00000000a0000000,0x00000000a3dc0c40,0x00000000a9100000)
 Metaspace       used 84708K, capacity 87712K, committed 88112K, reserved 1126400K
  class space    used 11100K, capacity 11698K, committed 11824K, reserved 1048576K
Event: 1107.173 GC heap after
Heap after GC invocations=23 (full 4):
 PSYoungGen      total 301056K, used 15029K [0x00000000e0000000, 0x00000000f6100000, 0x0000000100000000)
  eden space 268288K, 0% used [0x00000000e0000000,0x00000000e0000000,0x00000000f0600000)
  from space 32768K, 45% used [0x00000000f0600000,0x00000000f14ad4c8,0x00000000f2600000)
  to   space 31744K, 0% used [0x00000000f4200000,0x00000000f4200000,0x00000000f6100000)
 ParOldGen       total 148480K, used 63243K [0x00000000a0000000, 0x00000000a9100000, 0x00000000e0000000)
  object space 148480K, 42% used [0x00000000a0000000,0x00000000a3dc2c40,0x00000000a9100000)
 Metaspace       used 84708K, capacity 87712K, committed 88112K, reserved 1126400K
  class space    used 11100K, capacity 11698K, committed 11824K, reserved 1048576K
}
Event: 1111.580 GC heap before
{Heap before GC invocations=24 (full 4):
 PSYoungGen      total 301056K, used 283317K [0x00000000e0000000, 0x00000000f6100000, 0x0000000100000000)
  eden space 268288K, 100% used [0x00000000e0000000,0x00000000f0600000,0x00000000f0600000)
  from space 32768K, 45% used [0x00000000f0600000,0x00000000f14ad4c8,0x00000000f2600000)
  to   space 31744K, 0% used [0x00000000f4200000,0x00000000f4200000,0x00000000f6100000)
 ParOldGen       total 148480K, used 63243K [0x00000000a0000000, 0x00000000a9100000, 0x00000000e0000000)
  object space 148480K, 42% used [0x00000000a0000000,0x00000000a3dc2c40,0x00000000a9100000)
 Metaspace       used 86925K, capacity 90024K, committed 90288K, reserved 1128448K
  class space    used 11273K, capacity 11914K, committed 11952K, reserved 1048576K
Event: 1111.636 GC heap after
Heap after GC invocations=24 (full 4):
 PSYoungGen      total 327680K, used 24841K [0x00000000e0000000, 0x00000000f6580000, 0x0000000100000000)
  eden space 295936K, 0% used [0x00000000e0000000,0x00000000e0000000,0x00000000f2100000)
  from space 31744K, 78% used [0x00000000f4200000,0x00000000f5a424e8,0x00000000f6100000)
  to   space 33792K, 0% used [0x00000000f2100000,0x00000000f2100000,0x00000000f4200000)
 ParOldGen       total 148480K, used 63243K [0x00000000a0000000, 0x00000000a9100000, 0x00000000e0000000)
  object space 148480K, 42% used [0x00000000a0000000,0x00000000a3dc2c40,0x00000000a9100000)
 Metaspace       used 86925K, capacity 90024K, committed 90288K, reserved 1128448K
  class space    used 11273K, capacity 11914K, committed 11952K, reserved 1048576K
}
Event: 1112.355 GC heap before
{Heap before GC invocations=25 (full 4):
 PSYoungGen      total 327680K, used 319904K [0x00000000e0000000, 0x00000000f6580000, 0x0000000100000000)
  eden space 295936K, 99% used [0x00000000e0000000,0x00000000f2025c28,0x00000000f2100000)
  from space 31744K, 78% used [0x00000000f4200000,0x00000000f5a424e8,0x00000000f6100000)
  to   space 33792K, 0% used [0x00000000f2100000,0x00000000f2100000,0x00000000f4200000)
 ParOldGen       total 148480K, used 63243K [0x00000000a0000000, 0x00000000a9100000, 0x00000000e0000000)
  object space 148480K, 42% used [0x00000000a0000000,0x00000000a3dc2c40,0x00000000a9100000)
 Metaspace       used 87090K, capacity 90168K, committed 90288K, reserved 1128448K
  class space    used 11279K, capacity 11918K, committed 11952K, reserved 1048576K
Event: 1112.400 GC heap after
Heap after GC invocations=25 (full 4):
 PSYoungGen      total 329728K, used 33780K [0x00000000e0000000, 0x00000000fb400000, 0x0000000100000000)
  eden space 295936K, 0% used [0x00000000e0000000,0x00000000e0000000,0x00000000f2100000)
  from space 33792K, 99% used [0x00000000f2100000,0x00000000f41fd070,0x00000000f4200000)
  to   space 49664K, 0% used [0x00000000f8380000,0x00000000f8380000,0x00000000fb400000)
 ParOldGen       total 148480K, used 91956K [0x00000000a0000000, 0x00000000a9100000, 0x00000000e0000000)
  object space 148480K, 61% used [0x00000000a0000000,0x00000000a59cd020,0x00000000a9100000)
 Metaspace       used 87090K, capacity 90168K, committed 90288K, reserved 1128448K
  class space    used 11279K, capacity 11918K, committed 11952K, reserved 1048576K
}
Event: 1112.466 GC heap before
{Heap before GC invocations=26 (full 4):
 PSYoungGen      total 329728K, used 329375K [0x00000000e0000000, 0x00000000fb400000, 0x0000000100000000)
  eden space 295936K, 99% used [0x00000000e0000000,0x00000000f20aadb0,0x00000000f2100000)
  from space 33792K, 99% used [0x00000000f2100000,0x00000000f41fd070,0x00000000f4200000)
  to   space 49664K, 0% used [0x00000000f8380000,0x00000000f8380000,0x00000000fb400000)
 ParOldGen       total 148480K, used 91956K [0x00000000a0000000, 0x00000000a9100000, 0x00000000e0000000)
  object space 148480K, 61% used [0x00000000a0000000,0x00000000a59cd020,0x00000000a9100000)
 Metaspace       used 87101K, capacity 90232K, committed 90544K, reserved 1128448K
  class space    used 11279K, capacity 11918K, committed 11952K, reserved 1048576K
Event: 1112.496 GC heap after
Heap after GC invocations=26 (full 4):
 PSYoungGen      total 396288K, used 29411K [0x00000000e0000000, 0x00000000fda80000, 0x0000000100000000)
  eden space 346624K, 0% used [0x00000000e0000000,0x00000000e0000000,0x00000000f5280000)
  from space 49664K, 59% used [0x00000000f8380000,0x00000000fa038e40,0x00000000fb400000)
  to   space 50176K, 0% used [0x00000000f5280000,0x00000000f5280000,0x00000000f8380000)
 ParOldGen       total 148480K, used 96388K [0x00000000a0000000, 0x00000000a9100000, 0x00000000e0000000)
  object space 148480K, 64% used [0x00000000a0000000,0x00000000a5e21070,0x00000000a9100000)
 Metaspace       used 87101K, capacity 90232K, committed 90544K, reserved 1128448K
  class space    used 11279K, capacity 11918K, committed 11952K, reserved 1048576K
}
Event: 1115.359 GC heap before
{Heap before GC invocations=27 (full 4):
 PSYoungGen      total 396288K, used 370084K [0x00000000e0000000, 0x00000000fda80000, 0x0000000100000000)
  eden space 346624K, 98% used [0x00000000e0000000,0x00000000f4cb0438,0x00000000f5280000)
  from space 49664K, 59% used [0x00000000f8380000,0x00000000fa038e40,0x00000000fb400000)
  to   space 50176K, 0% used [0x00000000f5280000,0x00000000f5280000,0x00000000f8380000)
 ParOldGen       total 148480K, used 96388K [0x00000000a0000000, 0x00000000a9100000, 0x00000000e0000000)
  object space 148480K, 64% used [0x00000000a0000000,0x00000000a5e21070,0x00000000a9100000)
 Metaspace       used 87648K, capacity 90800K, committed 91056K, reserved 1128448K
  class space    used 11310K, capacity 11938K, committed 11952K, reserved 1048576K

