# JRE version: OpenJDK Runtime Environment (8.0_152-b01) (build 1.8.0_152-release-1248-b01)
# Java VM: OpenJDK 64-Bit Server VM (25.152-b01 mixed mode linux-amd64 compressed oops)
Heap:
 PSYoungGen      total 331776K, used 69099K [0x00000000e0000000, 0x00000000fa680000, 0x0000000100000000)
  eden space 262656K, 0% used [0x00000000e0000000,0x00000000e0000000,0x00000000f0080000)
  from space 69120K, 99% used [0x00000000f6300000,0x00000000fa67af70,0x00000000fa680000)
  to   space 70144K, 0% used [0x00000000f0080000,0x00000000f0080000,0x00000000f4500000)
 ParOldGen       total 261120K, used 253445K [0x00000000a0000000, 0x00000000aff00000, 0x00000000e0000000)
  object space 261120K, 97% used [0x00000000a0000000,0x00000000af7817f8,0x00000000aff00000)
 Metaspace       used 109015K, capacity 117100K, committed 117296K, reserved 1150976K
  class space    used 13580K, capacity 15295K, committed 15408K, reserved 1048576K
GC Heap History (10 events):
Event: 7125.291 GC heap after
Heap after GC invocations=60 (full 5):
 PSYoungGen      total 273920K, used 43030K [0x00000000e0000000, 0x00000000f6b00000, 0x0000000100000000)
  eden space 207360K, 0% used [0x00000000e0000000,0x00000000e0000000,0x00000000eca80000)
  from space 66560K, 64% used [0x00000000eca80000,0x00000000ef485a40,0x00000000f0b80000)
  to   space 67584K, 0% used [0x00000000f2900000,0x00000000f2900000,0x00000000f6b00000)
 ParOldGen       total 261120K, used 192762K [0x00000000a0000000, 0x00000000aff00000, 0x00000000e0000000)
  object space 261120K, 73% used [0x00000000a0000000,0x00000000abc3e8e8,0x00000000aff00000)
 Metaspace       used 108284K, capacity 116300K, committed 116400K, reserved 1150976K
  class space    used 13504K, capacity 15237K, committed 15280K, reserved 1048576K
}
Event: 7127.823 GC heap before
{Heap before GC invocations=61 (full 5):
 PSYoungGen      total 273920K, used 250390K [0x00000000e0000000, 0x00000000f6b00000, 0x0000000100000000)
  eden space 207360K, 100% used [0x00000000e0000000,0x00000000eca80000,0x00000000eca80000)
  from space 66560K, 64% used [0x00000000eca80000,0x00000000ef485a40,0x00000000f0b80000)
  to   space 67584K, 0% used [0x00000000f2900000,0x00000000f2900000,0x00000000f6b00000)
 ParOldGen       total 261120K, used 192762K [0x00000000a0000000, 0x00000000aff00000, 0x00000000e0000000)
  object space 261120K, 73% used [0x00000000a0000000,0x00000000abc3e8e8,0x00000000aff00000)
 Metaspace       used 108771K, capacity 116856K, committed 117040K, reserved 1150976K
  class space    used 13571K, capacity 15287K, committed 15408K, reserved 1048576K
Event: 7127.962 GC heap after
Heap after GC invocations=61 (full 5):
 PSYoungGen      total 301568K, used 47783K [0x00000000e0000000, 0x00000000f6f80000, 0x0000000100000000)
  eden space 233984K, 0% used [0x00000000e0000000,0x00000000e0000000,0x00000000ee480000)
  from space 67584K, 70% used [0x00000000f2900000,0x00000000f57a9fe8,0x00000000f6b00000)
  to   space 70144K, 0% used [0x00000000ee480000,0x00000000ee480000,0x00000000f2900000)
 ParOldGen       total 261120K, used 195582K [0x00000000a0000000, 0x00000000aff00000, 0x00000000e0000000)
  object space 261120K, 74% used [0x00000000a0000000,0x00000000abeff900,0x00000000aff00000)
 Metaspace       used 108771K, capacity 116856K, committed 117040K, reserved 1150976K
  class space    used 13571K, capacity 15287K, committed 15408K, reserved 1048576K
}
Event: 7139.197 GC heap before
{Heap before GC invocations=62 (full 5):
 PSYoungGen      total 301568K, used 281767K [0x00000000e0000000, 0x00000000f6f80000, 0x0000000100000000)
  eden space 233984K, 100% used [0x00000000e0000000,0x00000000ee480000,0x00000000ee480000)
  from space 67584K, 70% used [0x00000000f2900000,0x00000000f57a9fe8,0x00000000f6b00000)
  to   space 70144K, 0% used [0x00000000ee480000,0x00000000ee480000,0x00000000f2900000)
 ParOldGen       total 261120K, used 195582K [0x00000000a0000000, 0x00000000aff00000, 0x00000000e0000000)
  object space 261120K, 74% used [0x00000000a0000000,0x00000000abeff900,0x00000000aff00000)
 Metaspace       used 108806K, capacity 116924K, committed 117296K, reserved 1150976K
  class space    used 13571K, capacity 15287K, committed 15408K, reserved 1048576K
Event: 7139.765 GC heap after
Heap after GC invocations=62 (full 5):
 PSYoungGen      total 304128K, used 52987K [0x00000000e0000000, 0x00000000f9080000, 0x0000000100000000)
  eden space 233984K, 0% used [0x00000000e0000000,0x00000000e0000000,0x00000000ee480000)
  from space 70144K, 75% used [0x00000000ee480000,0x00000000f183ede0,0x00000000f2900000)
  to   space 73728K, 0% used [0x00000000f4880000,0x00000000f4880000,0x00000000f9080000)
 ParOldGen       total 261120K, used 196799K [0x00000000a0000000, 0x00000000aff00000, 0x00000000e0000000)
  object space 261120K, 75% used [0x00000000a0000000,0x00000000ac02fe98,0x00000000aff00000)
 Metaspace       used 108806K, capacity 116924K, committed 117296K, reserved 1150976K
  class space    used 13571K, capacity 15287K, committed 15408K, reserved 1048576K
}
Event: 7205.295 GC heap before
{Heap before GC invocations=63 (full 5):
 PSYoungGen      total 304128K, used 286971K [0x00000000e0000000, 0x00000000f9080000, 0x0000000100000000)
  eden space 233984K, 100% used [0x00000000e0000000,0x00000000ee480000,0x00000000ee480000)
  from space 70144K, 75% used [0x00000000ee480000,0x00000000f183ede0,0x00000000f2900000)
  to   space 73728K, 0% used [0x00000000f4880000,0x00000000f4880000,0x00000000f9080000)
 ParOldGen       total 261120K, used 196799K [0x00000000a0000000, 0x00000000aff00000, 0x00000000e0000000)
  object space 261120K, 75% used [0x00000000a0000000,0x00000000ac02fe98,0x00000000aff00000)
 Metaspace       used 108826K, capacity 116924K, committed 117296K, reserved 1150976K
  class space    used 13571K, capacity 15287K, committed 15408K, reserved 1048576K
Event: 7209.345 GC heap after
Heap after GC invocations=63 (full 5):
 PSYoungGen      total 329216K, used 36018K [0x00000000e0000000, 0x00000000f8980000, 0x0000000100000000)
  eden space 262656K, 0% used [0x00000000e0000000,0x00000000e0000000,0x00000000f0080000)
  from space 66560K, 54% used [0x00000000f4880000,0x00000000f6bacbb0,0x00000000f8980000)
  to   space 70144K, 0% used [0x00000000f0080000,0x00000000f0080000,0x00000000f4500000)
 ParOldGen       total 261120K, used 211844K [0x00000000a0000000, 0x00000000aff00000, 0x00000000e0000000)
  object space 261120K, 81% used [0x00000000a0000000,0x00000000acee10a8,0x00000000aff00000)
 Metaspace       used 108826K, capacity 116924K, committed 117296K, reserved 1150976K
  class space    used 13571K, capacity 15287K, committed 15408K, reserved 1048576K
}
Event: 7212.490 GC heap before
{Heap before GC invocations=64 (full 5):
 PSYoungGen      total 329216K, used 298674K [0x00000000e0000000, 0x00000000f8980000, 0x0000000100000000)
  eden space 262656K, 100% used [0x00000000e0000000,0x00000000f0080000,0x00000000f0080000)
  from space 66560K, 54% used [0x00000000f4880000,0x00000000f6bacbb0,0x00000000f8980000)
  to   space 70144K, 0% used [0x00000000f0080000,0x00000000f0080000,0x00000000f4500000)
 ParOldGen       total 261120K, used 211844K [0x00000000a0000000, 0x00000000aff00000, 0x00000000e0000000)
  object space 261120K, 81% used [0x00000000a0000000,0x00000000acee10a8,0x00000000aff00000)
 Metaspace       used 108905K, capacity 117036K, committed 117296K, reserved 1150976K
  class space    used 13577K, capacity 15295K, committed 15408K, reserved 1048576K
Event: 7212.634 GC heap after
Heap after GC invocations=64 (full 5):
 PSYoungGen      total 332800K, used 21843K [0x00000000e0000000, 0x00000000fa680000, 0x0000000100000000)
  eden space 262656K, 0% used [0x00000000e0000000,0x00000000e0000000,0x00000000f0080000)
  from space 70144K, 31% used [0x00000000f0080000,0x00000000f15d4cf0,0x00000000f4500000)
  to   space 69120K, 0% used [0x00000000f6300000,0x00000000f6300000,0x00000000fa680000)
 ParOldGen       total 261120K, used 230147K [0x00000000a0000000, 0x00000000aff00000, 0x00000000e0000000)
  object space 261120K, 88% used [0x00000000a0000000,0x00000000ae0c0f70,0x00000000aff00000)
 Metaspace       used 108905K, capacity 117036K, committed 117296K, reserved 1150976K
  class space    used 13577K, capacity 15295K, committed 15408K, reserved 1048576K
}
Event: 7214.975 GC heap before
{Heap before GC invocations=65 (full 5):
 PSYoungGen      total 332800K, used 284499K [0x00000000e0000000, 0x00000000fa680000, 0x0000000100000000)
  eden space 262656K, 100% used [0x00000000e0000000,0x00000000f0080000,0x00000000f0080000)
  from space 70144K, 31% used [0x00000000f0080000,0x00000000f15d4cf0,0x00000000f4500000)
  to   space 69120K, 0% used [0x00000000f6300000,0x00000000f6300000,0x00000000fa680000)
 ParOldGen       total 261120K, used 230147K [0x00000000a0000000, 0x00000000aff00000, 0x00000000e0000000)
  object space 261120K, 88% used [0x00000000a0000000,0x00000000ae0c0f70,0x00000000aff00000)
 Metaspace       used 109015K, capacity 117100K, committed 117296K, reserved 1150976K
  class space    used 13580K, capacity 15295K, committed 15408K, reserved 1048576K

